[2019-02-20 17:36:57] rc.INFO: Kernel ha sido lanzado [] []
[2019-02-20 17:43:20] rc.INFO: Kernel ha sido lanzado [] []
[2019-02-20 17:45:04] rc.INFO: Kernel ha sido lanzado [] []
[2019-02-20 17:45:04] rc.INFO: Ruta solicitada: {"Controlador":"blog","Accion":"item","PArams":["2"]} []
[2019-02-20 17:45:43] rc.INFO: Kernel ha sido lanzado [] []
[2019-02-20 17:45:43] rc.INFO: Ruta solicitada: {"Controlador":"blog","Accion":"item","Params":["2","Valencia"]} []
[2019-02-20 18:01:12] rc.INFO: Kernel ha sido lanzado [] []
[2019-02-20 18:01:12] rc.INFO: Ruta solicitada: {"Controlador":"blog","Accion":"index","Params":null} []
[2019-02-20 18:03:23] rc.INFO: Kernel ha sido lanzado [] []
[2019-02-20 18:03:23] rc.INFO: Ruta solicitada: {"Controlador":"","Accion":"index","Params":null} []
[2019-02-20 18:05:22] rc.INFO: Kernel ha sido lanzado [] []
[2019-02-20 18:05:22] rc.INFO: Ruta solicitada: {"Controlador":"","Accion":"index","Params":null} []
[2019-02-20 18:13:58] rc.INFO: Kernel ha sido lanzado [] []
[2019-02-20 18:13:58] rc.INFO: Ruta solicitada: {"Controlador":"","Accion":"index","Params":null} []
[2019-02-25 16:13:35] rc.INFO: Kernel ha sido lanzado [] []
[2019-02-25 16:13:35] rc.INFO: Ruta solicitada: {"Controlador":"","Accion":"index","Params":null} []
[2019-02-25 16:14:18] rc.INFO: Kernel ha sido lanzado [] []
[2019-02-25 16:14:18] rc.INFO: Ruta solicitada: {"Controlador":"","Accion":"index","Params":null} []
[2019-02-25 16:15:04] rc.INFO: Kernel ha sido lanzado [] []
[2019-02-25 16:15:04] rc.INFO: Ruta solicitada: {"Controlador":"","Accion":"index","Params":null} []
[2019-02-25 16:15:22] rc.INFO: Kernel ha sido lanzado [] []
[2019-02-25 16:15:22] rc.INFO: Ruta solicitada: {"Controlador":"blog","Accion":"index","Params":null} []
[2019-02-25 16:15:30] rc.INFO: Kernel ha sido lanzado [] []
[2019-02-25 16:15:30] rc.INFO: Ruta solicitada: {"Controlador":"","Accion":"index","Params":null} []
[2019-02-25 16:15:58] rc.INFO: Kernel ha sido lanzado [] []
[2019-02-25 16:15:58] rc.INFO: Ruta solicitada: {"Controlador":"","Accion":"index","Params":null} []
[2019-02-25 16:16:10] rc.INFO: Kernel ha sido lanzado [] []
[2019-02-25 16:16:10] rc.INFO: Ruta solicitada: {"Controlador":"","Accion":"index","Params":null} []
[2019-02-25 16:16:35] rc.INFO: Kernel ha sido lanzado [] []
[2019-02-25 16:16:35] rc.INFO: Ruta solicitada: {"Controlador":"","Accion":"index","Params":null} []
[2019-02-25 16:17:12] rc.INFO: Kernel ha sido lanzado [] []
[2019-02-25 16:17:12] rc.INFO: Ruta solicitada: {"Controlador":"","Accion":"index","Params":null} []
[2019-02-25 16:17:19] rc.INFO: Kernel ha sido lanzado [] []
[2019-02-25 16:17:19] rc.INFO: Ruta solicitada: {"Controlador":"blog","Accion":"index","Params":null} []
[2019-02-25 16:17:26] rc.INFO: Kernel ha sido lanzado [] []
[2019-02-25 16:17:26] rc.INFO: Ruta solicitada: {"Controlador":"list","Accion":"index","Params":null} []
[2019-02-25 16:18:14] rc.INFO: Kernel ha sido lanzado [] []
[2019-02-25 16:18:14] rc.INFO: Ruta solicitada: {"Controlador":"","Accion":"index","Params":null} []
[2019-02-25 16:21:25] rc.INFO: Kernel ha sido lanzado [] []
[2019-02-25 16:21:25] rc.INFO: Ruta solicitada: {"Controlador":"","Accion":"index","Params":null} []
[2019-02-25 16:21:44] rc.INFO: Kernel ha sido lanzado [] []
[2019-02-25 16:21:44] rc.INFO: Ruta solicitada: {"Controlador":"","Accion":"index","Params":null} []
[2019-02-25 16:22:09] rc.INFO: Kernel ha sido lanzado [] []
[2019-02-25 16:22:09] rc.INFO: Ruta solicitada: {"Controlador":"","Accion":"index","Params":null} []
[2019-02-27 10:03:46] rc.INFO: Kernel ha sido lanzado [] []
[2019-02-27 10:03:47] rc.INFO: Ruta solicitada: {"Controlador":"","Accion":"index","Params":null} []
[2019-02-27 10:04:23] rc.INFO: Kernel ha sido lanzado [] []
[2019-02-27 10:04:23] rc.INFO: Ruta solicitada: {"Controlador":"blog","Accion":"","Params":null} []
[2019-02-27 10:04:38] rc.INFO: Kernel ha sido lanzado [] []
[2019-02-27 10:04:38] rc.INFO: Ruta solicitada: {"Controlador":"blog","Accion":"","Params":null} []
[2019-02-27 10:04:43] rc.INFO: Kernel ha sido lanzado [] []
[2019-02-27 10:04:43] rc.INFO: Ruta solicitada: {"Controlador":"blog","Accion":"list","Params":null} []
[2019-02-27 10:05:11] rc.INFO: Kernel ha sido lanzado [] []
[2019-02-27 10:05:11] rc.INFO: Ruta solicitada: {"Controlador":"blog","Accion":"list","Params":null} []
